0 info it worked if it ends with ok
1 verbose cli [ '/Users/boydrotgans/.nvm/v0.10.48/bin/node',
1 verbose cli   '/Users/boydrotgans/.nvm/v0.10.48/lib/node_modules/npm/bin/npm-cli.js',
1 verbose cli   'run',
1 verbose cli   'build',
1 verbose cli   '--scripts-prepend-node-path=auto' ]
2 info using npm@2.15.1
3 info using node@v0.10.48
4 verbose run-script [ 'prebuild', 'build', 'postbuild' ]
5 info prebuild LinkBoard@1.0.0
6 info build LinkBoard@1.0.0
7 verbose unsafe-perm in lifecycle true
8 info LinkBoard@1.0.0 Failed to exec build script
9 verbose stack Error: LinkBoard@1.0.0 build: `webpack`
9 verbose stack Exit status 8
9 verbose stack     at EventEmitter.<anonymous> (/Users/boydrotgans/.nvm/v0.10.48/lib/node_modules/npm/lib/utils/lifecycle.js:217:16)
9 verbose stack     at EventEmitter.emit (events.js:98:17)
9 verbose stack     at ChildProcess.<anonymous> (/Users/boydrotgans/.nvm/v0.10.48/lib/node_modules/npm/lib/utils/spawn.js:24:14)
9 verbose stack     at ChildProcess.emit (events.js:98:17)
9 verbose stack     at maybeClose (child_process.js:766:16)
9 verbose stack     at Process.ChildProcess._handle.onexit (child_process.js:833:5)
10 verbose pkgid LinkBoard@1.0.0
11 verbose cwd /Users/boydrotgans/Git/Boyd-RNDR/rndr-website/LinkBoard
12 error Darwin 16.7.0
13 error argv "/Users/boydrotgans/.nvm/v0.10.48/bin/node" "/Users/boydrotgans/.nvm/v0.10.48/lib/node_modules/npm/bin/npm-cli.js" "run" "build" "--scripts-prepend-node-path=auto"
14 error node v0.10.48
15 error npm  v2.15.1
16 error code ELIFECYCLE
17 error LinkBoard@1.0.0 build: `webpack`
17 error Exit status 8
18 error Failed at the LinkBoard@1.0.0 build script 'webpack'.
18 error This is most likely a problem with the LinkBoard package,
18 error not with npm itself.
18 error Tell the author that this fails on your system:
18 error     webpack
18 error You can get information on how to open an issue for this project with:
18 error     npm bugs LinkBoard
18 error Or if that isn't available, you can get their info via:
18 error
18 error     npm owner ls LinkBoard
18 error There is likely additional logging output above.
19 verbose exit [ 1, true ]
